-----------------------------------------------
Time : Sun May  2 00:01:39 2021
TestName : unnamed test

Thing 'luvit'
 |- [PASS] has string library? | Pass : 1 | 0s
 |- [PASS] has utf8 library?   | Pass : 1 | 0s
 |- [PASS] is jit?             | Pass : 1 | 0s
 |- [FAIL] is py?              | Fail : 1 | 0s
 |- Thing 'table lib'
 |   |- [PASS] has remove?     | Pass : 1 | 0s
 |   |- [FAIL] fail            | Fail : 1 | 0s
 |   |   |- [MSG Line : 32] test say
 |   |- Thing 'test'
 |   |   |- [FAIL] fail        | Fail : 1 | 0s
--- Test failed! (Total it failed : 3)

Thing 'just a test'
 |- [PASS] asdf | Pass : 1 | 0s
--- Test passed! (Total it passed : 2)

-------------------Test End!-------------------
Test End!
75 .00% : #####################################
Total thing pass : 3
Total thing fail : 1

81.25 % : #####################################
Total it pass : 13
Total it fail : 3
-----------------------------------------------